[    0.000000] Linux version 4.15.0-121-generic (buildd@lgw01-amd64-034) (gcc version 7.5.0 (Ubuntu 7.5.0-3ubuntu1~18.04)) #123-Ubuntu SMP Mon Oct 5 16:16:40 UTC 2020 (Ubuntu 4.15.0-121.123-generic 4.15.18)
[    0.000000] Command line: BOOT_IMAGE=/boot/vmlinuz-4.15.0-121-generic root=UUID=14169865-3153-4713-8df9-211727602ff8 ro console=tty1 console=ttyS0
[    0.000000] KERNEL supported cpus:
[    0.000000]   Intel GenuineIntel
[    0.000000]   AMD AuthenticAMD
[    0.000000]   Centaur CentaurHauls
[    0.000000] x86/fpu: Supporting XSAVE feature 0x001: 'x87 floating point registers'
[    0.000000] x86/fpu: Supporting XSAVE feature 0x002: 'SSE registers'
[    0.000000] x86/fpu: Supporting XSAVE feature 0x004: 'AVX registers'
[    0.000000] x86/fpu: xstate_offset[2]:  576, xstate_sizes[2]:  256
[    0.000000] x86/fpu: Enabled xstate features 0x7, context size is 832 bytes, using 'standard' format.
[    0.000000] e820: BIOS-provided physical RAM map:
[    0.000000] BIOS-e820: [mem 0x0000000000000000-0x000000000009fbff] usable
[    0.000000] BIOS-e820: [mem 0x000000000009fc00-0x000000000009ffff] reserved
[    0.000000] BIOS-e820: [mem 0x00000000000f0000-0x00000000000fffff] reserved
[    0.000000] BIOS-e820: [mem 0x0000000000100000-0x00000000dffeffff] usable
[    0.000000] BIOS-e820: [mem 0x00000000dfff0000-0x00000000dfffffff] ACPI data
[    0.000000] BIOS-e820: [mem 0x00000000fec00000-0x00000000fec00fff] reserved
[    0.000000] BIOS-e820: [mem 0x00000000fee00000-0x00000000fee00fff] reserved
[    0.000000] BIOS-e820: [mem 0x00000000fffc0000-0x00000000ffffffff] reserved
[    0.000000] BIOS-e820: [mem 0x0000000100000000-0x000000011fffffff] usable
[    0.000000] NX (Execute Disable) protection: active
[    0.000000] SMBIOS 2.5 present.
[    0.000000] DMI: innotek GmbH VirtualBox/VirtualBox, BIOS VirtualBox 12/01/2006
[    0.000000] Hypervisor detected: KVM
[    0.000000] e820: last_pfn = 0x120000 max_arch_pfn = 0x400000000
[    0.000000] MTRR: Disabled
[    0.000000] x86/PAT: MTRRs disabled, skipping PAT initialization too.
[    0.000000] CPU MTRRs all blank - virtualized system.
[    0.000000] x86/PAT: Configuration [0-7]: WB  WT  UC- UC  WB  WT  UC- UC  
[    0.000000] e820: last_pfn = 0xdfff0 max_arch_pfn = 0x400000000
[    0.000000] found SMP MP-table at [mem 0x0009fff0-0x0009ffff]
[    0.000000] Scanning 1 areas for low memory corruption
[    0.000000] RAMDISK: [mem 0x3595b000-0x36ca4fff]
[    0.000000] ACPI: Early table checksum verification disabled
[    0.000000] ACPI: RSDP 0x00000000000E0000 000024 (v02 VBOX  )
[    0.000000] ACPI: XSDT 0x00000000DFFF0030 00003C (v01 VBOX   VBOXXSDT 00000001 ASL  00000061)
[    0.000000] ACPI: FACP 0x00000000DFFF00F0 0000F4 (v04 VBOX   VBOXFACP 00000001 ASL  00000061)
[    0.000000] ACPI: DSDT 0x00000000DFFF0470 002325 (v02 VBOX   VBOXBIOS 00000002 INTL 20190509)
[    0.000000] ACPI: FACS 0x00000000DFFF0200 000040
[    0.000000] ACPI: FACS 0x00000000DFFF0200 000040
[    0.000000] ACPI: APIC 0x00000000DFFF0240 00005C (v02 VBOX   VBOXAPIC 00000001 ASL  00000061)
[    0.000000] ACPI: SSDT 0x00000000DFFF02A0 0001CC (v01 VBOX   VBOXCPUT 00000002 INTL 20190509)
[    0.000000] No NUMA configuration found
[    0.000000] Faking a node at [mem 0x0000000000000000-0x000000011fffffff]
[    0.000000] NODE_DATA(0) allocated [mem 0x11ffd1000-0x11fffbfff]
[    0.000000] kvm-clock: cpu 0, msr 1:1ff50001, primary cpu clock
[    0.000000] kvm-clock: Using msrs 4b564d01 and 4b564d00
[    0.000000] kvm-clock: using sched offset of 3140942037 cycles
[    0.000000] clocksource: kvm-clock: mask: 0xffffffffffffffff max_cycles: 0x1cd42e4dffb, max_idle_ns: 881590591483 ns
[    0.000000] Zone ranges:
[    0.000000]   DMA      [mem 0x0000000000001000-0x0000000000ffffff]
[    0.000000]   DMA32    [mem 0x0000000001000000-0x00000000ffffffff]
[    0.000000]   Normal   [mem 0x0000000100000000-0x000000011fffffff]
[    0.000000]   Device   empty
[    0.000000] Movable zone start for each node
[    0.000000] Early memory node ranges
[    0.000000]   node   0: [mem 0x0000000000001000-0x000000000009efff]
[    0.000000]   node   0: [mem 0x0000000000100000-0x00000000dffeffff]
[    0.000000]   node   0: [mem 0x0000000100000000-0x000000011fffffff]
[    0.000000] Reserved but unavailable: 98 pages
[    0.000000] Initmem setup node 0 [mem 0x0000000000001000-0x000000011fffffff]
[    0.000000] ACPI: PM-Timer IO Port: 0x4008
[    0.000000] IOAPIC[0]: apic_id 2, version 32, address 0xfec00000, GSI 0-23
[    0.000000] ACPI: INT_SRC_OVR (bus 0 bus_irq 0 global_irq 2 dfl dfl)
[    0.000000] ACPI: INT_SRC_OVR (bus 0 bus_irq 9 global_irq 9 low level)
[    0.000000] Using ACPI (MADT) for SMP configuration information
[    0.000000] smpboot: Allowing 2 CPUs, 0 hotplug CPUs
[    0.000000] PM: Registered nosave memory: [mem 0x00000000-0x00000fff]
[    0.000000] PM: Registered nosave memory: [mem 0x0009f000-0x0009ffff]
[    0.000000] PM: Registered nosave memory: [mem 0x000a0000-0x000effff]
[    0.000000] PM: Registered nosave memory: [mem 0x000f0000-0x000fffff]
[    0.000000] PM: Registered nosave memory: [mem 0xdfff0000-0xdfffffff]
[    0.000000] PM: Registered nosave memory: [mem 0xe0000000-0xfebfffff]
[    0.000000] PM: Registered nosave memory: [mem 0xfec00000-0xfec00fff]
[    0.000000] PM: Registered nosave memory: [mem 0xfec01000-0xfedfffff]
[    0.000000] PM: Registered nosave memory: [mem 0xfee00000-0xfee00fff]
[    0.000000] PM: Registered nosave memory: [mem 0xfee01000-0xfffbffff]
[    0.000000] PM: Registered nosave memory: [mem 0xfffc0000-0xffffffff]
[    0.000000] e820: [mem 0xe0000000-0xfebfffff] available for PCI devices
[    0.000000] Booting paravirtualized kernel on KVM
[    0.000000] clocksource: refined-jiffies: mask: 0xffffffff max_cycles: 0xffffffff, max_idle_ns: 7645519600211568 ns
[    0.000000] random: get_random_bytes called from start_kernel+0x99/0x500 with crng_init=0
[    0.000000] setup_percpu: NR_CPUS:8192 nr_cpumask_bits:2 nr_cpu_ids:2 nr_node_ids:1
[    0.000000] percpu: Embedded 45 pages/cpu s147456 r8192 d28672 u1048576
[    0.000000] PV qspinlock hash table entries: 256 (order: 0, 4096 bytes)
[    0.000000] Built 1 zonelists, mobility grouping on.  Total pages: 1032057
[    0.000000] Policy zone: Normal
[    0.000000] Kernel command line: BOOT_IMAGE=/boot/vmlinuz-4.15.0-121-generic root=UUID=14169865-3153-4713-8df9-211727602ff8 ro console=tty1 console=ttyS0
[    0.000000] Memory: 4013104K/4193848K available (12300K kernel code, 2482K rwdata, 4272K rodata, 2436K init, 2724K bss, 180744K reserved, 0K cma-reserved)
[    0.000000] SLUB: HWalign=64, Order=0-3, MinObjects=0, CPUs=2, Nodes=1
[    0.000000] Kernel/User page tables isolation: enabled
[    0.000000] ftrace: allocating 39402 entries in 154 pages
[    0.004000] Hierarchical RCU implementation.
[    0.004000] 	RCU restricting CPUs from NR_CPUS=8192 to nr_cpu_ids=2.
[    0.004000] 	Tasks RCU enabled.
[    0.004000] RCU: Adjusting geometry for rcu_fanout_leaf=16, nr_cpu_ids=2
[    0.004000] NR_IRQS: 524544, nr_irqs: 440, preallocated irqs: 16
[    0.004000] Console: colour VGA+ 80x25
[    0.004000] console [tty1] enabled
[    0.004000] console [ttyS0] enabled
[    0.004000] ACPI: Core revision 20170831
[    0.004000] ACPI: 2 ACPI AML tables successfully acquired and loaded
[    0.004000] APIC: Switch to symmetric I/O mode setup
[    0.004000] x2apic enabled
[    0.004000] Switched APIC routing to physical x2apic.
[    0.004000] ..TIMER: vector=0x30 apic1=0 pin1=2 apic2=-1 pin2=-1
[    0.004000] tsc: Detected 3000.000 MHz processor
[    0.004000] Calibrating delay loop (skipped) preset value.. 6000.00 BogoMIPS (lpj=12000000)
[    0.004004] pid_max: default: 32768 minimum: 301
[    0.004476] Security Framework initialized
[    0.004907] Yama: becoming mindful.
[    0.005310] AppArmor: AppArmor initialized
[    0.006713] Dentry cache hash table entries: 524288 (order: 10, 4194304 bytes)
[    0.007865] Inode-cache hash table entries: 262144 (order: 9, 2097152 bytes)
[    0.008012] Mount-cache hash table entries: 8192 (order: 4, 65536 bytes)
[    0.008635] Mountpoint-cache hash table entries: 8192 (order: 4, 65536 bytes)
[    0.009531] Last level iTLB entries: 4KB 128, 2MB 8, 4MB 8
[    0.010086] Last level dTLB entries: 4KB 64, 2MB 0, 4MB 0, 1GB 4
[    0.010646] Spectre V1 : Mitigation: usercopy/swapgs barriers and __user pointer sanitization
[    0.012002] Spectre V2 : Mitigation: Full generic retpoline
[    0.012526] Spectre V2 : Spectre v2 / SpectreRSB mitigation: Filling RSB on context switch
[    0.013329] Speculative Store Bypass: Vulnerable
[    0.013858] SRBDS: Unknown: Dependent on hypervisor status
[    0.014374] MDS: Mitigation: Clear CPU buffers
[    0.014957] Freeing SMP alternatives memory: 36K
[    0.125407] smpboot: CPU0: Intel(R) Core(TM) i7-9700 CPU @ 3.00GHz (family: 0x6, model: 0x9e, stepping: 0xd)
[    0.126499] Performance Events: unsupported p6 CPU model 158 no PMU driver, software events only.
[    0.127412] Hierarchical SRCU implementation.
[    0.128000] NMI watchdog: Perf event create on CPU 0 failed with -2
[    0.128000] NMI watchdog: Perf NMI watchdog permanently disabled
[    0.128032] smp: Bringing up secondary CPUs ...
[    0.128945] x86: Booting SMP configuration:
[    0.129421] .... node  #0, CPUs:      #1
[    0.004000] kvm-clock: cpu 1, msr 1:1ff50041, secondary cpu clock
[    0.132013] smp: Brought up 1 node, 2 CPUs
[    0.132458] smpboot: Max logical packages: 1
[    0.132920] smpboot: Total of 2 processors activated (12000.00 BogoMIPS)
[    0.133726] devtmpfs: initialized
[    0.133726] x86/mm: Memory block size: 128MB
[    0.136203] evm: security.selinux
[    0.136552] evm: security.SMACK64
[    0.136939] evm: security.SMACK64EXEC
[    0.137357] evm: security.SMACK64TRANSMUTE
[    0.137769] evm: security.SMACK64MMAP
[    0.138154] evm: security.apparmor
[    0.138522] evm: security.ima
[    0.138874] evm: security.capability
[    0.139262] clocksource: jiffies: mask: 0xffffffff max_cycles: 0xffffffff, max_idle_ns: 7645041785100000 ns
[    0.140006] futex hash table entries: 512 (order: 3, 32768 bytes)
[    0.140708] pinctrl core: initialized pinctrl subsystem
[    0.141280] RTC time: 10:04:05, date: 10/15/20
[    0.141843] NET: Registered protocol family 16
[    0.142379] audit: initializing netlink subsys (disabled)
[    0.142952] audit: type=2000 audit(1602756250.172:1): state=initialized audit_enabled=0 res=1
[    0.144006] cpuidle: using governor ladder
[    0.144437] cpuidle: using governor menu
[    0.144938] ACPI: bus type PCI registered
[    0.145398] acpiphp: ACPI Hot Plug PCI Controller Driver version: 0.5
[    0.146063] PCI: Using configuration type 1 for base access
[    0.146619] HugeTLB registered 2.00 MiB page size, pre-allocated 0 pages
[    0.148047] ACPI: Added _OSI(Module Device)
[    0.148551] ACPI: Added _OSI(Processor Device)
[    0.148995] ACPI: Added _OSI(3.0 _SCP Extensions)
[    0.149463] ACPI: Added _OSI(Processor Aggregator Device)
[    0.150022] ACPI: Added _OSI(Linux-Dell-Video)
[    0.150462] ACPI: Added _OSI(Linux-Lenovo-NV-HDMI-Audio)
[    0.150995] ACPI: Added _OSI(Linux-HPI-Hybrid-Graphics)
[    0.151668] ACPI: Executed 1 blocks of module-level executable AML code
[    0.154112] ACPI: Interpreter enabled
[    0.154497] ACPI: (supports S0 S5)
[    0.154850] ACPI: Using IOAPIC for interrupt routing
[    0.155479] PCI: Using host bridge windows from ACPI; if necessary, use "pci=nocrs" and report a bug
[    0.156098] ACPI: Enabled 2 GPEs in block 00 to 07
[    0.161131] ACPI: PCI Root Bridge [PCI0] (domain 0000 [bus 00-ff])
[    0.161804] acpi PNP0A03:00: _OSC: OS supports [ASPM ClockPM Segments MSI]
[    0.162758] acpi PNP0A03:00: _OSC: not requesting OS control; OS requires [ExtendedConfig ASPM ClockPM MSI]
[    0.163755] acpi PNP0A03:00: fail to add MMCONFIG information, can't access extended PCI configuration space under this bridge.
[    0.164239] PCI host bridge to bus 0000:00
[    0.164645] pci_bus 0000:00: root bus resource [io  0x0000-0x0cf7 window]
[    0.165270] pci_bus 0000:00: root bus resource [io  0x0d00-0xffff window]
[    0.165936] pci_bus 0000:00: root bus resource [mem 0x000a0000-0x000bffff window]
[    0.166699] pci_bus 0000:00: root bus resource [mem 0xe0000000-0xfdffffff window]
[    0.168002] pci_bus 0000:00: root bus resource [bus 00-ff]
[    0.169615] pci 0000:00:01.1: legacy IDE quirk: reg 0x10: [io  0x01f0-0x01f7]
[    0.170284] pci 0000:00:01.1: legacy IDE quirk: reg 0x14: [io  0x03f6]
[    0.170918] pci 0000:00:01.1: legacy IDE quirk: reg 0x18: [io  0x0170-0x0177]
[    0.172002] pci 0000:00:01.1: legacy IDE quirk: reg 0x1c: [io  0x0376]
[    0.195577] pci 0000:00:07.0: quirk: [io  0x4000-0x403f] claimed by PIIX4 ACPI
[    0.196022] pci 0000:00:07.0: quirk: [io  0x4100-0x410f] claimed by PIIX4 SMB
[    0.212010] ACPI: PCI Interrupt Link [LNKA] (IRQs 5 9 10 *11)
[    0.212821] ACPI: PCI Interrupt Link [LNKB] (IRQs 5 9 *10 11)
[    0.214129] ACPI: PCI Interrupt Link [LNKC] (IRQs 5 *9 10 11)
[    0.215546] ACPI: PCI Interrupt Link [LNKD] (IRQs 5 9 10 *11)
[    0.216000] SCSI subsystem initialized
[    0.216042] pci 0000:00:02.0: vgaarb: setting as boot VGA device
[    0.216678] pci 0000:00:02.0: vgaarb: VGA device added: decodes=io+mem,owns=io+mem,locks=none
[    0.217516] pci 0000:00:02.0: vgaarb: bridge control possible
[    0.218067] vgaarb: loaded
[    0.220031] ACPI: bus type USB registered
[    0.220506] usbcore: registered new interface driver usbfs
[    0.221079] usbcore: registered new interface driver hub
[    0.221626] usbcore: registered new device driver usb
[    0.222154] EDAC MC: Ver: 3.0.0
[    0.222154] PCI: Using ACPI for IRQ routing
[    0.222154] NetLabel: Initializing
[    0.222154] NetLabel:  domain hash size = 128
[    0.224005] NetLabel:  protocols = UNLABELED CIPSOv4 CALIPSO
[    0.224606] NetLabel:  unlabeled traffic allowed by default
[    0.225161] clocksource: Switched to clocksource kvm-clock
[    0.232427] VFS: Disk quotas dquot_6.6.0
[    0.232904] VFS: Dquot-cache hash table entries: 512 (order 0, 4096 bytes)
[    0.233687] AppArmor: AppArmor Filesystem Enabled
[    0.234209] pnp: PnP ACPI init
[    0.235238] pnp: PnP ACPI: found 3 devices
[    0.242819] clocksource: acpi_pm: mask: 0xffffff max_cycles: 0xffffff, max_idle_ns: 2085701024 ns
[    0.243745] NET: Registered protocol family 2
[    0.244362] TCP established hash table entries: 32768 (order: 6, 262144 bytes)
[    0.245166] TCP bind hash table entries: 32768 (order: 7, 524288 bytes)
[    0.245844] TCP: Hash tables configured (established 32768 bind 32768)
[    0.246469] UDP hash table entries: 2048 (order: 4, 65536 bytes)
[    0.247113] UDP-Lite hash table entries: 2048 (order: 4, 65536 bytes)
[    0.247753] NET: Registered protocol family 1
[    0.248271] pci 0000:00:00.0: Limiting direct PCI/PCI transfers
[    0.248877] pci 0000:00:01.0: Activating ISA DMA hang workarounds
[    0.249513] pci 0000:00:02.0: Video device with shadowed ROM at [mem 0x000c0000-0x000dffff]
[    0.250397] Unpacking initramfs...
[    0.450648] Freeing initrd memory: 19752K
[    0.451262] PCI-DMA: Using software bounce buffering for IO (SWIOTLB)
[    0.451912] software IO TLB: mapped [mem 0xdbff0000-0xdfff0000] (64MB)
[    0.452703] clocksource: tsc: mask: 0xffffffffffffffff max_cycles: 0x2b3e459bf4c, max_idle_ns: 440795289890 ns
[    0.453678] platform rtc_cmos: registered platform RTC device (no PNP device found)
[    0.454463] Scanning for low memory corruption every 60 seconds
[    0.455658] Initialise system trusted keyrings
[    0.456161] Key type blacklist registered
[    0.456649] workingset: timestamp_bits=36 max_order=20 bucket_order=0
[    0.458208] zbud: loaded
[    0.458957] squashfs: version 4.0 (2009/01/31) Phillip Lougher
[    0.459693] fuse init (API version 7.26)
[    0.476175] Key type asymmetric registered
[    0.477513] Asymmetric key parser 'x509' registered
[    0.478913] Block layer SCSI generic (bsg) driver version 0.4 loaded (major 246)
[    0.481121] io scheduler noop registered
[    0.482021] io scheduler deadline registered
[    0.483033] io scheduler cfq registered (default)
[    0.484527] ACPI: AC Adapter [AC] (on-line)
[    0.485537] input: Power Button as /devices/LNXSYSTM:00/LNXPWRBN:00/input/input0
[    0.487072] ACPI: Power Button [PWRF]
[    0.487855] input: Sleep Button as /devices/LNXSYSTM:00/LNXSLPBN:00/input/input1
[    0.489258] ACPI: Sleep Button [SLPF]
[    0.490500] Serial: 8250/16550 driver, 32 ports, IRQ sharing enabled
[    0.512115] 00:02: ttyS0 at I/O 0x3f8 (irq = 4, base_baud = 115200) is a 16550A
[    0.514725] Linux agpgart interface v0.103
[    0.516554] loop: module loaded
[    0.517288] scsi host0: ata_piix
[    0.517709] scsi host1: ata_piix
[    0.518074] ata1: PATA max UDMA/33 cmd 0x1f0 ctl 0x3f6 bmdma 0xd000 irq 14
[    0.518751] ata2: PATA max UDMA/33 cmd 0x170 ctl 0x376 bmdma 0xd008 irq 15
[    0.519494] libphy: Fixed MDIO Bus: probed
[    0.519912] tun: Universal TUN/TAP device driver, 1.6
[    0.520639] PPP generic driver version 2.4.2
[    0.521174] ehci_hcd: USB 2.0 'Enhanced' Host Controller (EHCI) Driver
[    0.521810] ehci-pci: EHCI PCI platform driver
[    0.522272] ehci-platform: EHCI generic platform driver
[    0.522833] ohci_hcd: USB 1.1 'Open' Host Controller (OHCI) Driver
[    0.523489] ohci-pci: OHCI PCI platform driver
[    0.523925] ohci-platform: OHCI generic platform driver
[    0.524502] uhci_hcd: USB Universal Host Controller Interface driver
[    0.525169] i8042: PNP: PS/2 Controller [PNP0303:PS2K,PNP0f03:PS2M] at 0x60,0x64 irq 1,12
[    0.526274] serio: i8042 KBD port at 0x60,0x64 irq 1
[    0.526821] serio: i8042 AUX port at 0x60,0x64 irq 12
[    0.527490] mousedev: PS/2 mouse device common for all mice
[    0.528408] rtc_cmos rtc_cmos: rtc core: registered rtc_cmos as rtc0
[    0.529124] rtc_cmos rtc_cmos: alarms up to one day, 114 bytes nvram
[    0.529760] input: AT Translated Set 2 keyboard as /devices/platform/i8042/serio0/input/input2
[    0.530618] i2c /dev entries driver
[    0.531145] device-mapper: uevent: version 1.0.3
[    0.531711] device-mapper: ioctl: 4.37.0-ioctl (2017-09-20) initialised: dm-devel@redhat.com
[    0.532698] ledtrig-cpu: registered to indicate activity on CPUs
[    0.536632] NET: Registered protocol family 10
[    0.546326] Segment Routing with IPv6
[    0.547209] NET: Registered protocol family 17
[    0.549883] Key type dns_resolver registered
[    0.551547] mce: Using 0 MCE banks
[    0.552266] RAS: Correctable Errors collector initialized.
[    0.553271] sched_clock: Marking stable (552241001, 0)->(682787497, -130546496)
[    0.555146] registered taskstats version 1
[    0.555945] Loading compiled-in X.509 certificates
[    0.558910] Loaded X.509 cert 'Build time autogenerated kernel key: 517b2180bafe62ad6f81db3336688475b28504c0'
[    0.560446] zswap: loaded using pool lzo/zbud
[    0.564423] Key type big_key registered
[    0.565030] Key type trusted registered
[    0.566997] Key type encrypted registered
[    0.567537] AppArmor: AppArmor sha1 policy hashing enabled
[    0.568213] ima: No TPM chip found, activating TPM-bypass! (rc=-19)
[    0.569006] ima: Allocated hash algorithm: sha1
[    0.569624] evm: HMAC attrs: 0x1
[    0.570274]   Magic number: 8:723:72
[    0.570850] rtc_cmos rtc_cmos: setting system clock to 2020-10-15 10:04:05 UTC (1602756245)
[    0.571850] BIOS EDD facility v0.16 2004-Jun-25, 0 devices found
[    0.572514] EDD information not available.
[    0.707532] Freeing unused kernel image memory: 2436K
[    0.726070] Write protecting the kernel read-only data: 20480k
[    0.727175] Freeing unused kernel image memory: 2008K
[    0.728000] Freeing unused kernel image memory: 1872K
[    0.735338] x86/mm: Checked W+X mappings: passed, no W+X pages found.
[    0.736128] x86/mm: Checking user space page tables
[    0.743428] x86/mm: Checked W+X mappings: passed, no W+X pages found.
Loading, please wait...
starting version 237
[    0.790818] e1000: Intel(R) PRO/1000 Network Driver - version 7.3.21-k8-NAPI
[    0.791554] e1000: Copyright (c) 1999-2006 Intel Corporation.
[    0.794256] Fusion MPT base driver 3.04.20
[    0.794721] Copyright (c) 1999-2008 LSI Corporation
[    0.804495] Fusion MPT SPI Host driver 3.04.20
[    0.809983] AVX2 version of gcm_enc/dec engaged.
[    0.810499] AES CTR mode by8 optimization enabled
[    1.006714] input: ImExPS/2 Generic Explorer Mouse as /devices/platform/i8042/serio1/input/input4
[    1.137925] e1000 0000:00:03.0 eth0: (PCI:33MHz:32-bit) 02:7d:29:b6:4b:3c
[    1.138730] e1000 0000:00:03.0 eth0: Intel(R) PRO/1000 Network Connection
[    1.482646] e1000 0000:00:08.0 eth1: (PCI:33MHz:32-bit) 08:00:27:cf:9a:83
[    1.483422] e1000 0000:00:08.0 eth1: Intel(R) PRO/1000 Network Connection
[    1.484765] e1000 0000:00:03.0 enp0s3: renamed from eth0
[    1.485461] mptbase: ioc0: Initiating bringup
[    1.504342] e1000 0000:00:08.0 enp0s8: renamed from eth1
[    1.580303] ioc0: LSI53C1030 A0: Capabilities={Initiator}
[    1.828531] scsi host2: ioc0: LSI53C1030 A0, FwRev=00000000h, Ports=1, MaxQ=256, IRQ=20
[    2.005183] scsi 2:0:0:0: Direct-Access     VBOX     HARDDISK         1.0  PQ: 0 ANSI: 5
[    2.044093] scsi target2:0:0: Beginning Domain Validation
[    2.047524] scsi target2:0:0: Domain Validation skipping write tests
[    2.048839] scsi target2:0:0: Ending Domain Validation
[    2.049392] scsi target2:0:0: asynchronous
[    2.050403] scsi 2:0:1:0: Direct-Access     VBOX     HARDDISK         1.0  PQ: 0 ANSI: 5
[    2.080032] scsi target2:0:1: Beginning Domain Validation
[    2.081672] random: fast init done
[    2.081674] scsi target2:0:1: Domain Validation skipping write tests
[    2.084489] scsi target2:0:1: Ending Domain Validation
[    2.085759] scsi target2:0:1: asynchronous
[    2.089135] random: systemd-udevd: uninitialized urandom read (16 bytes read)
[    2.090054] random: systemd-udevd: uninitialized urandom read (16 bytes read)
[    2.090942] random: systemd-udevd: uninitialized urandom read (16 bytes read)
[    2.092028] sd 2:0:0:0: Attached scsi generic sg0 type 0
[    2.092276] sd 2:0:0:0: [sda] 20971520 512-byte logical blocks: (10.7 GB/10.0 GiB)
[    2.093788] sd 2:0:0:0: [sda] Write Protect is off
[    2.094500] sd 2:0:1:0: Attached scsi generic sg1 type 0
[    2.094726] sd 2:0:0:0: [sda] Incomplete mode parameter data
[    2.095951] sd 2:0:0:0: [sda] Assuming drive cache: write through
[    2.096808] sd 2:0:1:0: [sdb] 20480 512-byte logical blocks: (10.5 MB/10.0 MiB)
[    2.097936] sd 2:0:1:0: [sdb] Write Protect is off
[    2.098744] sd 2:0:1:0: [sdb] Incomplete mode parameter data
[    2.099478] sd 2:0:1:0: [sdb] Assuming drive cache: write through
[    2.101170]  sda: sda1
[    2.101971] sd 2:0:0:0: [sda] Attached SCSI disk
[    2.103657] sd 2:0:1:0: [sdb] Attached SCSI disk
Begin: Loading essential drivers ... [    3.476057] raid6: sse2x1   gen() 15956 MB/s
[    3.524019] raid6: sse2x1   xor()  9263 MB/s
[    3.572055] raid6: sse2x2   gen() 19938 MB/s
[    3.620060] raid6: sse2x2   xor() 12626 MB/s
[    3.668056] raid6: sse2x4   gen() 20798 MB/s
[    3.716069] raid6: sse2x4   xor() 12634 MB/s
[    3.764049] raid6: avx2x1   gen() 31659 MB/s
[    3.812049] raid6: avx2x1   xor() 18230 MB/s
[    3.860056] raid6: avx2x2   gen() 36734 MB/s
[    3.908054] raid6: avx2x2   xor() 24218 MB/s
[    3.956047] raid6: avx2x4   gen() 40505 MB/s
[    4.004068] raid6: avx2x4   xor() 24377 MB/s
[    4.004540] raid6: using algorithm avx2x4 gen() 40505 MB/s
[    4.005065] raid6: .... xor() 24377 MB/s, rmw enabled
[    4.005539] raid6: using avx2x2 recovery algorithm
[    4.006936] xor: automatically using best checksumming function   avx       
[    4.008566] async_tx: api initialized (async)
done.
Begin: Running /scripts/init-premount ... done.
Begin: Mounting root file system ... Begin: Running /scripts/local-top ... done.
Begin: Running /scripts/local-premount ... [    4.039725] Btrfs loaded, crc32c=crc32c-intel
Scanning for Btrfs filesystems
done.
Warning: fsck not present, so skipping root file system
[    4.066082] EXT4-fs (sda1): INFO: recovery required on readonly filesystem
[    4.066755] EXT4-fs (sda1): write access will be enabled during recovery
[    4.083100] EXT4-fs (sda1): orphan cleanup on readonly fs
[    4.084503] EXT4-fs (sda1): 6 orphan inodes deleted
[    4.084978] EXT4-fs (sda1): recovery complete
[    4.093280] EXT4-fs (sda1): mounted filesystem with ordered data mode. Opts: (null)
done.
Begin: Running /scripts/local-bottom ... done.
Begin: Running /scripts/init-bottom ... done.
[    4.229536] ip_tables: (C) 2000-2006 Netfilter Core Team
[    4.238021] systemd[1]: systemd 237 running in system mode. (+PAM +AUDIT +SELINUX +IMA +APPARMOR +SMACK +SYSVINIT +UTMP +LIBCRYPTSETUP +GCRYPT +GNUTLS +ACL +XZ +LZ4 +SECCOMP +BLKID +ELFUTILS +KMOD -IDN2 +IDN -PCRE2 default-hierarchy=hybrid)
[    4.241349] systemd[1]: Detected virtualization oracle.
[    4.242177] systemd[1]: Detected architecture x86-64.

Welcome to [1mUbuntu 18.04.5 LTS[0m!

[    4.249350] systemd[1]: Set hostname to <magento2>.
[    4.778381] systemd[1]: Started Forward Password Requests to Wall Directory Watch.
[[0;32m  OK  [0m] Started Forward Password Requests to Wall Directory Watch.
[    4.781866] systemd[1]: Reached target System Time Synchronized.
[[0;32m  OK  [0m] Reached target System Time Synchronized.
[    4.784808] systemd[1]: Set up automount Arbitrary Executable File Formats File System Automount Point.
[[0;32m  OK  [0m] Set up automount Arbitrary Executab…rmats File System Automount Point.
[    4.791269] systemd[1]: Created slice System Slice.
[[0;32m  OK  [0m] Created slice System Slice.
[    4.793616] systemd[1]: Listening on Device-mapper event daemon FIFOs.
[[0;32m  OK  [0m] Listening on Device-mapper event daemon FIFOs.
[    4.796398] systemd[1]: Listening on Journal Socket (/dev/log).
[[0;32m  OK  [0m] Listening on Journal Socket (/dev/log).
[[0;32m  OK  [0m] Listening on /dev/initctl Compatibility Named Pipe.
[[0;32m  OK  [0m] Created slice system-postfix.slice.
[[0;32m  OK  [0m] Listening on LVM2 poll daemon socket.
[[0;32m  OK  [0m] Listening on LVM2 metadata daemon socket.
[[0;32m  OK  [0m] Listening on Network Service Netlink Socket.
[[0;32m  OK  [0m] Listening on RPCbind Server Activation Socket.
[[0;32m  OK  [0m] Reached target User and Group Name Lookups.
[[0;32m  OK  [0m] Created slice system-serial\x2dgetty.slice.
[[0;32m  OK  [0m] Listening on Syslog Socket.
[[0;32m  OK  [0m] Created slice User and Session Slice.
[[0;32m  OK  [0m] Reached target Slices.
[[0;32m  OK  [0m] Reached target Swap.
[[0;32m  OK  [0m] Listening on udev Control Socket.
[[0;32m  OK  [0m] Listening on Journal Audit Socket.
[[0;32m  OK  [0m] Listening on udev Kernel Socket.
[[0;32m  OK  [0m] Listening on Journal Socket.
         Mounting POSIX Message Queue File System...
         Mounting RPC Pipe File System...
         Mounting Huge Pages File System...
         Starting Uncomplicated firewall...
         Starting Load Kernel Modules...
         Starting Monitoring of LVM2 mirrors…ng dmeventd or progress polling...
         Mounting Kernel Debug File System...
         Starting udev Coldplug all Devices...
         Starting Create list of required st…ce nodes for the current kernel...
         Starting Remount Root and Kernel File Systems...
         Starting Set the console keyboard layout...
         Starting Journal Service...
[[0;32m  OK  [0m] Mounted POSIX Message Queue File System.
[[0;32m  OK  [0m] Mounted Huge Pages File System.
[[0;32m  OK  [0m] Started Uncomplicated firewall.
[[0;32m  OK  [0m] Mounted Kernel Debug File System.
[    4.840918] Loading iSCSI transport class v2.0-870.
[    4.846299] iscsi: registered transport (tcp)
[[0;32m  OK  [0m] Started udev Coldplug all Devices.
[[0;32m  OK  [0m] Started LVM2 metadata daemon.
[    4.887987] RPC: Registered named UNIX socket transport module.
[    4.888659] RPC: Registered udp transport module.
[    4.889121] RPC: Registered tcp transport module.
[    4.889604] RPC: Registered tcp NFSv4.1 backchannel transport module.
[[0;32m  OK  [0m] Mounted RPC Pipe File System.
[[0;32m  OK  [0m] Started Journal Service.
[    4.928400] iscsi: registered transport (iser)
[[0;32m  OK  [0m] Started Load Kernel Modules.
         Mounting Kernel Configuration File System...
         Starting Apply Kernel Variables...
[    4.938823] EXT4-fs (sda1): re-mounted. Opts: (null)
         Mounting FUSE Control File System...
[[0;32m  OK  [0m] Started Create list of required sta…vice nodes for the current kernel.
[[0;32m  OK  [0m] Started Remount Root and Kernel File Systems.
[[0;32m  OK  [0m] Mounted Kernel Configuration File System.
         Starting Load/Save Random Seed...
         Starting Flush Journal to Persistent Storage...
         Starting Create Static Device Nodes in /dev...
[[0;32m  OK  [0m] Started Monitoring of LVM2 mirrors,…sing dmeventd or progress polling.
[[0;32m  OK  [0m] Mounted FUSE Control File System.
[[0;32m  OK  [0m] Started Apply Kernel Variables.
[[0;32m  OK  [0m] Started Load/Save Random Seed.
[[0;32m  OK  [0m] Started Create Static Device Nodes in /dev.
         Starting udev Kernel Device Manager...
[[0;32m  OK  [0m] Started udev Kernel Device Manager.
[[0;32m  OK  [0m] Started Set the console keyboard layout.
[[0;32m  OK  [0m] Reached target Local File Systems (Pre).
         Mounting /vagrant/tools...
         Mounting /vagrant/provision...
[[0;32m  OK  [0m] Reached target Local File Systems.
         Starting Set console font and keymap...
         Starting Tell Plymouth To Write Out Runtime Data...
         Starting ebtables ruleset management...
         Starting Preprocess NFS configuration...
         Starting AppArmor initialization...
[[0;32m  OK  [0m] Started Dispatch Password Requests to Console Directory Watch.
[[0;32m  OK  [0m] Reached target Local Encrypted Volumes.
[[0;32m  OK  [0m] Started Set console font and keymap.
[[0;32m  OK  [0m] Started Tell Plymouth To Write Out Runtime Data.
[[0;32m  OK  [0m] Started Preprocess NFS configuration.
[[0;32m  OK  [0m] Reached target NFS client services.
[[0;32m  OK  [0m] Started Flush Journal to Persistent Storage.
         Starting Create Volatile Files and Directories...
[[0;32m  OK  [0m] Started Create Volatile Files and Directories.
         Starting Update UTMP about System Boot/Shutdown...
         Starting RPC bind portmap service...
[[0;1;31mFAILED[0m] Failed to mount /vagrant/provision.
See 'systemctl status vagrant-provision.mount' for details.
[[0;1;31mFAILED[0m] Failed to mount /vagrant/tools.
See 'systemctl status vagrant-tools.mount' for details.
[[0;32m  OK  [0m] Started RPC bind portmap service.
[[0;32m  OK  [0m] Reached target RPC Port Mapper.
[[0;32m  OK  [0m] Started Update UTMP about System Boot/Shutdown.
[[0;32m  OK  [0m] Started ebtables ruleset management.
[[0;32m  OK  [0m] Found device /dev/ttyS0.
[[0;32m  OK  [0m] Listening on Load/Save RF Kill Switch Status /dev/rfkill Watch.
[[0;32m  OK  [0m] Started AppArmor initialization.
         Starting Load AppArmor profiles managed internally by snapd...
         Starting Initial cloud-init job (pre-networking)...
[[0;32m  OK  [0m] Started Load AppArmor profiles managed internally by snapd.
[    6.309076] cloud-init[567]: Cloud-init v. 20.3-2-g371b392c-0ubuntu1~18.04.1 running 'init-local' at Thu, 15 Oct 2020 10:04:11 +0000. Up 6.17 seconds.
[[0;32m  OK  [0m] Started Initial cloud-init job (pre-networking).
[[0;32m  OK  [0m] Reached target Network (Pre).
         Starting Network Service...
[[0;32m  OK  [0m] Started Network Service.
         Starting Wait for Network to be Configured...
         Starting Network Name Resolution...
[[0;32m  OK  [0m] Started Network Name Resolution.
[[0;32m  OK  [0m] Reached target Network.
[[0;32m  OK  [0m] Reached target Host and Network Name Lookups.
[[0;32m  OK  [0m] Started Wait for Network to be Configured.
         Starting Initial cloud-init job (metadata service crawler)...
[    8.635038] cloud-init[739]: Cloud-init v. 20.3-2-g371b392c-0ubuntu1~18.04.1 running 'init' at Thu, 15 Oct 2020 10:04:13 +0000. Up 8.54 seconds.
[    8.636149] cloud-init[739]: ci-info: ++++++++++++++++++++++++++++++++++++++Net device info+++++++++++++++++++++++++++++++++++++++
[    8.636916] cloud-init[739]: ci-info: +--------+------+-----------------------------+---------------+--------+-------------------+
[    8.637885] cloud-init[739]: ci-info: | Device |  Up  |           Address           |      Mask     | Scope  |     Hw-Address    |
[    8.638661] cloud-init[739]: ci-info: +--------+------+-----------------------------+---------------+--------+-------------------+
[    8.639549] cloud-init[739]: ci-info: | enp0s3 | True |          10.0.2.15          | 255.255.255.0 | global | 02:7d:29:b6:4b:3c |
[    8.640577] cloud-init[739]: ci-info: | enp0s3 | True |  fe80::7d:29ff:feb6:4b3c/64 |       .       |  link  | 02:7d:29:b6:4b:3c |
[    8.641396] cloud-init[739]: ci-info: | enp0s8 | True |           10.0.8.5          | 255.255.255.0 | global | 08:00:27:cf:9a:83 |
[    8.642231] cloud-init[739]: ci-info: | enp0s8 | True | fe80::a00:27ff:fecf:9a83/64 |       .       |  link  | 08:00:27:cf:9a:83 |
[    8.643533] cloud-init[739]: ci-info: |   lo   | True |          127.0.0.1          |   255.0.0.0   |  host  |         .         |
[    8.644528] cloud-init[739]: ci-info: |   lo   | True |           ::1/128           |       .       |  host  |         .         |
[    8.645409] cloud-init[739]: ci-info: +--------+------+-----------------------------+---------------+--------+-------------------+
[    8.646334] cloud-init[739]: ci-info: ++++++++++++++++++++++++++++Route IPv4 info+++++++++++++++++++++++++++++
[    8.647106] cloud-init[739]: ci-info: +-------+-------------+----------+-----------------+-----------+-------+
[    8.647912] cloud-init[739]: ci-info: | Route | Destination | Gateway  |     Genmask     | Interface | Flags |
[    8.648542] cloud-init[739]: ci-info: +-------+-------------+----------+-----------------+-----------+-------+
[    8.649484] cloud-init[739]: ci-info: |   0   |   0.0.0.0   | 10.0.2.2 |     0.0.0.0     |   enp0s3  |   UG  |
[    8.651155] cloud-init[739]: ci-info: |   1   |   10.0.2.0  | 0.0.0.0  |  255.255.255.0  |   enp0s3  |   U   |
[    8.652273] cloud-init[739]: ci-info: |   2   |   10.0.2.2  | 0.0.0.0  | 255.255.255.255 |   enp0s3  |   UH  |
[    8.652948] cloud-init[739]: ci-info: |   3   |   10.0.8.0  | 0.0.0.0  |  255.255.255.0  |   enp0s8  |   U   |
[    8.655366] cloud-init[739]: ci-info: +-------+-------------+----------+-----------------+-----------+-------+
[    8.656596] cloud-init[739]: ci-info: +++++++++++++++++++Route IPv6 info+++++++++++++++++++
[    8.657280] cloud-init[739]: ci-info: +-------+-------------+---------+-----------+-------+
[    8.657912] cloud-init[739]: ci-info: | Route | Destination | Gateway | Interface | Flags |
[    8.658542] cloud-init[739]: ci-info: +-------+-------------+---------+-----------+-------+
[    8.659275] cloud-init[739]: ci-info: |   1   |  fe80::/64  |    ::   |   enp0s8  |   U   |
[    8.660000] cloud-init[739]: ci-info: |   2   |  fe80::/64  |    ::   |   enp0s3  |   U   |
[    8.660683] cloud-init[739]: ci-info: |   4   |    local    |    ::   |   enp0s3  |   U   |
[    8.661359] cloud-init[739]: ci-info: |   5   |    local    |    ::   |   enp0s8  |   U   |
[    8.662006] cloud-init[739]: ci-info: |   6   |   ff00::/8  |    ::   |   enp0s8  |   U   |
[    8.662719] cloud-init[739]: ci-info: |   7   |   ff00::/8  |    ::   |   enp0s3  |   U   |
[    8.663204] cloud-init[739]: ci-info: +-------+-------------+---------+-----------+-------+
[[0;32m  OK  [0m] Started Initial cloud-init job (metadata service crawler).
[[0;32m  OK  [0m] Reached target Network is Online.
[[0;32m  OK  [0m] Reached target Remote File Systems (Pre).
[[0;32m  OK  [0m] Reached target Remote File Systems.
         Starting Availability of block devices...
[[0;32m  OK  [0m] Reached target System Initialization.
[[0;32m  OK  [0m] Started Clean PHP session files every 30 mins.
[[0;32m  OK  [0m] Started Message of the Day.
[[0;32m  OK  [0m] Listening on D-Bus System Message Bus Socket.
         Starting LXD - unix socket.
[[0;32m  OK  [0m] Listening on ACPID Listen Socket.
[[0;32m  OK  [0m] Started ACPI Events Check.
         Starting Socket activation for snappy daemon.
[[0;32m  OK  [0m] Started Discard unused blocks once a week.
[[0;32m  OK  [0m] Listening on UUID daemon activation socket.
[[0;32m  OK  [0m] Reached target Paths.
[[0;32m  OK  [0m] Started Daily Cleanup of Temporary Directories.
[[0;32m  OK  [0m] Listening on Open-iSCSI iscsid Socket.
[[0;32m  OK  [0m] Started Daily apt download activities.
[[0;32m  OK  [0m] Started Daily apt upgrade and clean activities.
[[0;32m  OK  [0m] Reached target Timers.
[[0;32m  OK  [0m] Reached target Cloud-config availability.
[[0;32m  OK  [0m] Started Availability of block devices.
[[0;32m  OK  [0m] Listening on LXD - unix socket.
[[0;32m  OK  [0m] Listening on Socket activation for snappy daemon.
[[0;32m  OK  [0m] Reached target Sockets.
[[0;32m  OK  [0m] Reached target Basic System.
         Starting Clean php session files...
         Starting LSB: Record successful boot for GRUB...
         Starting Postfix Mail Transport Agent (instance -)...
         Starting OpenBSD Secure Shell server...
         Starting Advanced key-value store...
         Starting LSB: automatic crash report generation...
         Starting vboxadd.service...
         Starting System Logging Service...
         Starting Permit User Sessions...
[[0;32m  OK  [0m] Started Deferred execution scheduler.
         Starting The PHP 7.2 FastCGI Process Manager...
         Starting Accounts Service...
         Starting A high performance web server and a reverse proxy server...
[[0;32m  OK  [0m] Started FUSE filesystem for LXC.
         Starting MariaDB 10.1.44 database server...
         Starting Login Service...
         Starting Message of the Day...
[[0;32m  OK  [0m] Started Regular background program processing daemon.
[[0;32m  OK  [0m] Started D-Bus System Message Bus.
[[0;32m  OK  [0m] Started Login Service.
[[0;32m  OK  [0m] Started Unattended Upgrades Shutdown.
         Starting Dispatcher daemon for systemd-networkd...
[[0;32m  OK  [0m] Started irqbalance daemon.
         Starting Snap Daemon...
         Starting LXD - container startup/shutdown...
[[0;32m  OK  [0m] Started System Logging Service.
[[0;32m  OK  [0m] Started Advanced key-value store.
[[0;32m  OK  [0m] Started OpenBSD Secure Shell server.
[[0;32m  OK  [0m] Started Permit User Sessions.
[[0;1;31mFAILED[0m] Failed to start A high performance …server and a reverse proxy server.
See 'systemctl status nginx.service' for details.
         Starting Authorization Manager...
         Starting Hold until boot process finishes up...
         Starting Terminate Plymouth Boot Screen...
[[0;32m  OK  [0m] Started Hold until boot process finishes up.
[[0;32m  OK  [0m] Started Serial Getty on ttyS0.
         Starting Set console scheme...
[[0;32m  OK  [0m] Started Terminate Plymouth Boot Screen.
[[0;32m  OK  [0m] Started LSB: automatic crash report generation.
[[0;32m  OK  [0m] Started The PHP 7.2 FastCGI Process Manager.
[[0;32m  OK  [0m] Started Authorization Manager.
[[0;32m  OK  [0m] Started Accounts Service.
[[0;32m  OK  [0m] Started Set console scheme.
[[0;32m  OK  [0m] Created slice system-getty.slice.
[[0;32m  OK  [0m] Started Getty on tty1.
[[0;32m  OK  [0m] Reached target Login Prompts.
[[0;32m  OK  [0m] Started LSB: Record successful boot for GRUB.
[[0;32m  OK  [0m] Started LXD - container startup/shutdown.
[[0;32m  OK  [0m] Started Clean php session files.
[[0;32m  OK  [0m] Started Message of the Day.
[[0;32m  OK  [0m] Started Snap Daemon.
         Starting Wait until snapd is fully seeded...
[[0;32m  OK  [0m] Started Wait until snapd is fully seeded.
         Starting Apply the settings specified in cloud-config...
[[0;32m  OK  [0m] Started Dispatcher daemon for systemd-networkd.
[[0;32m  OK  [0m] Started Postfix Mail Transport Agent (instance -).
         Starting Postfix Mail Transport Agent...
[[0;32m  OK  [0m] Started Postfix Mail Transport Agent.
[[0;32m  OK  [0m] Started vboxadd.service.
         Starting vboxadd-service.service...
[[0;32m  OK  [0m] Started vboxadd-service.service.
[   11.072434] cloud-init[1584]: Cloud-init v. 20.3-2-g371b392c-0ubuntu1~18.04.1 running 'modules:config' at Thu, 15 Oct 2020 10:04:15 +0000. Up 11.01 seconds.
[[0;32m  OK  [0m] Started Apply the settings specified in cloud-config.
[[0;32m  OK  [0m] Started MariaDB 10.1.44 database server.
[[0;32m  OK  [0m] Reached target Multi-User System.
         Starting Execute cloud user/final scripts...
[[0;32m  OK  [0m] Reached target Graphical Interface.
         Starting Update UTMP about System Runlevel Changes...
[[0;32m  OK  [0m] Started Update UTMP about System Runlevel Changes.
[   11.925327] cloud-init[1767]: Cloud-init v. 20.3-2-g371b392c-0ubuntu1~18.04.1 running 'modules:final' at Thu, 15 Oct 2020 10:04:16 +0000. Up 11.85 seconds.
[   11.926218] cloud-init[1767]: Cloud-init v. 20.3-2-g371b392c-0ubuntu1~18.04.1 finished at Thu, 15 Oct 2020 10:04:16 +0000. Datasource DataSourceNoCloud [seed=/dev/sdb][dsmode=net].  Up 11.92 seconds
[[0;32m  OK  [0m] Started Execute cloud user/final scripts.
[[0;32m  OK  [0m] Reached target Cloud-init target.
         Starting Daily apt download activities...
[[0;32m  OK  [0m] Created slice User Slice of vagrant.
         Starting User Manager for UID 1000...
[[0;32m  OK  [0m] Started Session 1 of user vagrant.
[[0;32m  OK  [0m] Started User Manager for UID 1000.

Ubuntu 18.04.5 LTS magento2 ttyS0

magento2 login:          Stopping The PHP 7.2 FastCGI Process Manager...
[[0;32m  OK  [0m] Stopped The PHP 7.2 FastCGI Process Manager.
         Starting The PHP 7.2 FastCGI Process Manager...
[[0;32m  OK  [0m] Started The PHP 7.2 FastCGI Process Manager.
[[0;32m  OK  [0m] Started Daily apt upgrade and clean activities.
